<?xml version="1.0" encoding="UTF-8"?>
<!-- Generated by org.testng.reporters.JUnitXMLReporter -->
<testsuite ignored="0" hostname="Hariharan" failures="0" tests="5" name="REST APIs" time="3.921" errors="0" timestamp="2024-01-25T05:13:21 IST">
  <testcase classname="restTesting.GetAllProducts" name="getallshoes" time="3.235"/>
  <testcase classname="restTesting.GetAllRegisteredUsers" name="getAllUsers" time="0.172"/>
  <testcase classname="restTesting.DeleteProduct" name="deleteProduct" time="0.086"/>
  <testcase classname="restTesting.AddProduct" name="add_new_product" time="0.186"/>
  <testcase classname="restTesting.UpdateProduct" name="updateProduct" time="0.124"/>
</testsuite> <!-- REST APIs -->
