<?xml version="1.0" encoding="UTF-8"?>
<!-- Generated by org.testng.reporters.JUnitXMLReporter -->
<testsuite ignored="0" hostname="Hariharan" failures="0" tests="4" name="Selenium TestNG Test Scripts" time="58.156" errors="0" timestamp="2024-01-25T19:56:05 IST">
  <testcase classname="seleniumTestNGProject.AddToCart" name="addProduct" time="12.316"/>
  <testcase classname="seleniumTestNGProject.LoginPage" name="loginUser" time="7.328"/>
  <testcase classname="seleniumTestNGProject.PlaceOrder" name="placeOrder" time="15.106"/>
  <testcase classname="seleniumTestNGProject.RegistrationPage" name="registerUser" time="6.953"/>
</testsuite> <!-- Selenium TestNG Test Scripts -->
