<?xml version="1.0" encoding="UTF-8"?>
<testng-results ignored="0" total="4" passed="4" failed="0" skipped="0">
  <reporter-output>
  </reporter-output>
  <suite started-at="2024-01-25T19:55:07 IST" name="Sporty Shoes Test Suite" finished-at="2024-01-25T19:56:05 IST" duration-ms="58156">
    <groups>
    </groups>
    <test started-at="2024-01-25T19:55:07 IST" name="Selenium TestNG Test Scripts" finished-at="2024-01-25T19:56:05 IST" duration-ms="58156">
      <class name="seleniumTestNGProject.RegistrationPage">
        <test-method is-config="true" signature="setUp()[pri:0, instance:seleniumTestNGProject.RegistrationPage@385e9564]" started-at="2024-01-25T19:55:55 IST" name="setUp" finished-at="2024-01-25T19:55:58 IST" duration-ms="2396" status="PASS">
          <reporter-output>
          </reporter-output>
        </test-method> <!-- setUp -->
        <test-method signature="registerUser()[pri:0, instance:seleniumTestNGProject.RegistrationPage@385e9564]" started-at="2024-01-25T19:55:58 IST" name="registerUser" description="Register user" finished-at="2024-01-25T19:56:05 IST" duration-ms="6953" status="PASS">
          <reporter-output>
          </reporter-output>
        </test-method> <!-- registerUser -->
        <test-method is-config="true" signature="cleanUp()[pri:0, instance:seleniumTestNGProject.RegistrationPage@385e9564]" started-at="2024-01-25T19:56:05 IST" name="cleanUp" finished-at="2024-01-25T19:56:05 IST" duration-ms="376" status="PASS">
          <reporter-output>
          </reporter-output>
        </test-method> <!-- cleanUp -->
      </class> <!-- seleniumTestNGProject.RegistrationPage -->
      <class name="seleniumTestNGProject.AddToCart">
        <test-method is-config="true" signature="setUp()[pri:0, instance:seleniumTestNGProject.AddToCart@247bddad]" started-at="2024-01-25T19:55:07 IST" name="setUp" finished-at="2024-01-25T19:55:11 IST" duration-ms="4009" status="PASS">
          <reporter-output>
          </reporter-output>
        </test-method> <!-- setUp -->
        <test-method signature="addProduct()[pri:0, instance:seleniumTestNGProject.AddToCart@247bddad]" started-at="2024-01-25T19:55:11 IST" name="addProduct" description="add product number 201,301" finished-at="2024-01-25T19:55:23 IST" duration-ms="12316" status="PASS">
          <reporter-output>
          </reporter-output>
        </test-method> <!-- addProduct -->
        <test-method is-config="true" signature="cleanUp()[pri:0, instance:seleniumTestNGProject.AddToCart@247bddad]" started-at="2024-01-25T19:55:23 IST" name="cleanUp" finished-at="2024-01-25T19:55:24 IST" duration-ms="465" status="PASS">
          <reporter-output>
          </reporter-output>
        </test-method> <!-- cleanUp -->
      </class> <!-- seleniumTestNGProject.AddToCart -->
      <class name="seleniumTestNGProject.PlaceOrder">
        <test-method is-config="true" signature="setUp()[pri:0, instance:seleniumTestNGProject.PlaceOrder@291caca8]" started-at="2024-01-25T19:55:34 IST" name="setUp" finished-at="2024-01-25T19:55:37 IST" duration-ms="3015" status="PASS">
          <reporter-output>
          </reporter-output>
        </test-method> <!-- setUp -->
        <test-method signature="placeOrder()[pri:0, instance:seleniumTestNGProject.PlaceOrder@291caca8]" started-at="2024-01-25T19:55:37 IST" name="placeOrder" description="View cart and Place Orders" finished-at="2024-01-25T19:55:52 IST" duration-ms="15106" status="PASS">
          <reporter-output>
          </reporter-output>
        </test-method> <!-- placeOrder -->
        <test-method is-config="true" signature="cleanUp()[pri:0, instance:seleniumTestNGProject.PlaceOrder@291caca8]" started-at="2024-01-25T19:55:52 IST" name="cleanUp" finished-at="2024-01-25T19:55:55 IST" duration-ms="3040" status="PASS">
          <reporter-output>
          </reporter-output>
        </test-method> <!-- cleanUp -->
      </class> <!-- seleniumTestNGProject.PlaceOrder -->
      <class name="seleniumTestNGProject.LoginPage">
        <test-method is-config="true" signature="setUp()[pri:0, instance:seleniumTestNGProject.LoginPage@399c4be1]" started-at="2024-01-25T19:55:24 IST" name="setUp" finished-at="2024-01-25T19:55:26 IST" duration-ms="2650" status="PASS">
          <reporter-output>
          </reporter-output>
        </test-method> <!-- setUp -->
        <test-method signature="loginUser()[pri:0, instance:seleniumTestNGProject.LoginPage@399c4be1]" started-at="2024-01-25T19:55:26 IST" name="loginUser" description="login user" finished-at="2024-01-25T19:55:34 IST" duration-ms="7328" status="PASS">
          <reporter-output>
          </reporter-output>
        </test-method> <!-- loginUser -->
        <test-method is-config="true" signature="cleanUp()[pri:0, instance:seleniumTestNGProject.LoginPage@399c4be1]" started-at="2024-01-25T19:55:34 IST" name="cleanUp" finished-at="2024-01-25T19:55:34 IST" duration-ms="412" status="PASS">
          <reporter-output>
          </reporter-output>
        </test-method> <!-- cleanUp -->
      </class> <!-- seleniumTestNGProject.LoginPage -->
    </test> <!-- Selenium TestNG Test Scripts -->
  </suite> <!-- Sporty Shoes Test Suite -->
</testng-results>
